<?xml version="1.0" encoding="UTF-8"?>
<!-- Generated by org.testng.reporters.JUnitXMLReporter -->
<testsuite ignored="0" hostname="DESKTOP-2O29EI6" failures="0" tests="6" name="Smoke" time="123.697" errors="0" timestamp="2025-03-25T01:22:25 IST">
  <testcase classname="test.RegistrationTest" name="userRegistration" time="46.442"/>
  <testcase classname="test.FullSetupTest" name="userLogin" time="15.972"/>
  <testcase classname="test.FullSetupTest" name="createAgent" time="11.074"/>
  <testcase classname="test.FullSetupTest" name="createAgent" time="8.101"/>
  <testcase classname="test.FullSetupTest" name="createAgent" time="10.919"/>
  <testcase classname="test.FullSetupTest" name="bulkUpload" time="15.63"/>
</testsuite> <!-- Smoke -->
