<?xml version="1.0" encoding="UTF-8"?>
<!-- Generated by org.testng.reporters.JUnitXMLReporter -->
<testsuite ignored="0" hostname="DESKTOP-2O29EI6" failures="0" tests="5" name="Default test" time="85.833" errors="0" timestamp="2025-03-24T18:16:43 IST">
  <testcase classname="test.FullSetupTest" name="userLogin" time="36.706"/>
  <testcase classname="test.FullSetupTest" name="createAgent" time="11.224"/>
  <testcase classname="test.FullSetupTest" name="createAgent" time="8.562"/>
  <testcase classname="test.FullSetupTest" name="createAgent" time="9.369"/>
  <testcase classname="test.FullSetupTest" name="bulkUpload" time="13.357"/>
</testsuite> <!-- Default test -->
