<?xml version="1.0" encoding="UTF-8"?>
<testng-results ignored="0" total="5" passed="5" failed="0" skipped="0">
  <reporter-output>
  </reporter-output>
  <suite started-at="2025-03-24T18:15:17 IST" name="Default suite" finished-at="2025-03-24T18:16:43 IST" duration-ms="85833">
    <groups>
    </groups>
    <test started-at="2025-03-24T18:15:17 IST" name="Default test" finished-at="2025-03-24T18:16:43 IST" duration-ms="85833">
      <class name="test.FullSetupTest">
        <test-method is-config="true" signature="setup()[pri:0, instance:test.FullSetupTest@49e53c76]" started-at="2025-03-24T18:15:17 IST" name="setup" finished-at="2025-03-24T18:15:23 IST" duration-ms="6030" status="PASS">
          <reporter-output>
          </reporter-output>
        </test-method> <!-- setup -->
        <test-method signature="userLogin()[pri:1, instance:test.FullSetupTest@49e53c76]" started-at="2025-03-24T18:15:23 IST" name="userLogin" finished-at="2025-03-24T18:16:00 IST" duration-ms="36706" status="PASS">
          <reporter-output>
          </reporter-output>
        </test-method> <!-- userLogin -->
        <test-method signature="createAgent(java.lang.String,java.lang.String,java.lang.String,java.lang.String)[pri:2, instance:test.FullSetupTest@49e53c76]" started-at="2025-03-24T18:16:00 IST" name="createAgent" data-provider="agentData" finished-at="2025-03-24T18:16:11 IST" duration-ms="11224" status="PASS">
          <params>
            <param index="0">
              <value>
                <![CDATA[Ani]]>
              </value>
            </param>
            <param index="1">
              <value>
                <![CDATA[aaaa@abc.com]]>
              </value>
            </param>
            <param index="2">
              <value>
                <![CDATA[8213652145]]>
              </value>
            </param>
            <param index="3">
              <value>
                <![CDATA[pa]]>
              </value>
            </param>
          </params>
          <reporter-output>
          </reporter-output>
        </test-method> <!-- createAgent -->
        <test-method signature="createAgent(java.lang.String,java.lang.String,java.lang.String,java.lang.String)[pri:2, instance:test.FullSetupTest@49e53c76]" started-at="2025-03-24T18:16:11 IST" name="createAgent" data-provider="agentData" finished-at="2025-03-24T18:16:20 IST" duration-ms="8562" status="PASS">
          <params>
            <param index="0">
              <value>
                <![CDATA[Anand]]>
              </value>
            </param>
            <param index="1">
              <value>
                <![CDATA[anaa@abc.com]]>
              </value>
            </param>
            <param index="2">
              <value>
                <![CDATA[8456324789]]>
              </value>
            </param>
            <param index="3">
              <value>
                <![CDATA[sa]]>
              </value>
            </param>
          </params>
          <reporter-output>
          </reporter-output>
        </test-method> <!-- createAgent -->
        <test-method signature="createAgent(java.lang.String,java.lang.String,java.lang.String,java.lang.String)[pri:2, instance:test.FullSetupTest@49e53c76]" started-at="2025-03-24T18:16:20 IST" name="createAgent" data-provider="agentData" finished-at="2025-03-24T18:16:29 IST" duration-ms="9369" status="PASS">
          <params>
            <param index="0">
              <value>
                <![CDATA[Ankit]]>
              </value>
            </param>
            <param index="1">
              <value>
                <![CDATA[aniaaaa@abc.com]]>
              </value>
            </param>
            <param index="2">
              <value>
                <![CDATA[8745632598]]>
              </value>
            </param>
            <param index="3">
              <value>
                <![CDATA[da]]>
              </value>
            </param>
          </params>
          <reporter-output>
          </reporter-output>
        </test-method> <!-- createAgent -->
        <test-method signature="bulkUpload()[pri:3, instance:test.FullSetupTest@49e53c76]" started-at="2025-03-24T18:16:29 IST" name="bulkUpload" finished-at="2025-03-24T18:16:42 IST" depends-on-methods="test.FullSetupTest.createAgent" duration-ms="13357" status="PASS">
          <reporter-output>
          </reporter-output>
        </test-method> <!-- bulkUpload -->
        <test-method is-config="true" signature="close()[pri:0, instance:test.FullSetupTest@49e53c76]" started-at="2025-03-24T18:16:42 IST" name="close" finished-at="2025-03-24T18:16:43 IST" duration-ms="475" status="PASS">
          <reporter-output>
          </reporter-output>
        </test-method> <!-- close -->
      </class> <!-- test.FullSetupTest -->
    </test> <!-- Default test -->
  </suite> <!-- Default suite -->
</testng-results>
